211123140028.636 INFO 'ansible_navigator.setup_logger' New ansible-navigator instance, logging initialized
211123140028.636 INFO 'ansible_navigator.setup_logger' New ansible-runner instance, logging initialized
211123140028.636 DEBUG 'ansible_navigator.main' Share directory '/home/dries/.local/lib/python3.8/share/ansible_navigator' not found (development path)
211123140028.636 DEBUG 'ansible_navigator.main' Share directory '/home/dries/.local/share/ansible_navigator' found (userbase)
211123140028.636 DEBUG 'ansible_navigator.main' Default collection_doc_cache_path set to: /home/dries/.cache/ansible-navigator/collection_doc_cache.db
211123140028.636 DEBUG 'ansible_navigator.main' EDITOR environment variable not set
211123140028.636 DEBUG 'ansible_navigator.main' Default editor_command set to: vi +{line_number} {filename}
211123140028.636 DEBUG 'ansible_navigator.main' No config file set by ANSIBLE_NAVIGATOR_CONFIG
211123140028.636 DEBUG 'ansible_navigator.main' Looking in /home/dries
211123140028.636 DEBUG 'ansible_navigator.main' Looking for '/home/dries/.ansible-navigator.yml', '/home/dries/.ansible-navigator.yaml' and '/home/dries/.ansible-navigator.json'
211123140028.636 DEBUG 'ansible_navigator.main' Found 0: 
211123140028.636 DEBUG 'ansible_navigator.main' Looking in /home/dries/ansible/provisioning/zambia
211123140028.636 DEBUG 'ansible_navigator.main' Looking for '/home/dries/ansible/provisioning/zambia/ansible-navigator.yml', '/home/dries/ansible/provisioning/zambia/ansible-navigator.yaml' and '/home/dries/ansible/provisioning/zambia/ansible-navigator.json'
211123140028.636 DEBUG 'ansible_navigator.main' Found 0: 
211123140028.636 DEBUG 'ansible_navigator.main' All found 0: 
211123140028.636 DEBUG 'ansible_navigator.main' Using: None
211123140028.636 DEBUG 'ansible_navigator.main' No valid settings file found, using all default values for settings.
211123140028.636 DEBUG 'ansible_navigator.main' Command provided: '-i prod_zim_uat/baseline_uat.yml'
211123140028.636 WARNING 'ansible_navigator.main' Configuration errors encountered, rolling back to previous configuration.
211123140028.636 DEBUG 'ansible_navigator.main' Prior to rollback: ansible_runner_artifact_dir = 'Constants.NOT_SET' (Constants/value has not been set)
211123140028.636 DEBUG 'ansible_navigator.main' Prior to rollback: ansible_runner_rotate_artifacts_count = 'Constants.NOT_SET' (Constants/value has not been set)
211123140028.637 DEBUG 'ansible_navigator.main' Prior to rollback: ansible_runner_timeout = 'Constants.NOT_SET' (Constants/value has not been set)
211123140028.637 DEBUG 'ansible_navigator.main' Prior to rollback: app = 'welcome' (str/default configuration value)
211123140028.637 DEBUG 'ansible_navigator.main' Prior to rollback: cmdline = 'Constants.NOT_SET' (Constants/value has not been set)
211123140028.637 DEBUG 'ansible_navigator.main' Prior to rollback: collection_doc_cache_path = '/home/dries/.cache/ansible-navigator/collection_doc_cache.db' (str/default configuration value)
211123140028.637 DEBUG 'ansible_navigator.main' Prior to rollback: config = 'Constants.NOT_SET' (Constants/value has not been set)
211123140028.637 DEBUG 'ansible_navigator.main' Prior to rollback: container_engine = 'auto' (str/default configuration value)
211123140028.637 DEBUG 'ansible_navigator.main' Prior to rollback: container_options = 'Constants.NOT_SET' (Constants/value has not been set)
211123140028.637 DEBUG 'ansible_navigator.main' Prior to rollback: display_color = 'True' (bool/default configuration value)
211123140028.637 DEBUG 'ansible_navigator.main' Prior to rollback: editor_command = 'vi +{line_number} {filename}' (str/default configuration value)
211123140028.637 DEBUG 'ansible_navigator.main' Prior to rollback: editor_console = 'True' (bool/default configuration value)
211123140028.637 DEBUG 'ansible_navigator.main' Prior to rollback: execution_environment = 'True' (bool/default configuration value)
211123140028.637 DEBUG 'ansible_navigator.main' Prior to rollback: execution_environment_image = 'quay.io/ansible/ansible-navigator-demo-ee:0.6.0' (str/default configuration value)
211123140028.637 DEBUG 'ansible_navigator.main' Prior to rollback: execution_environment_volume_mounts = 'Constants.NOT_SET' (Constants/value has not been set)
211123140028.637 DEBUG 'ansible_navigator.main' Prior to rollback: help_config = 'False' (bool/default configuration value)
211123140028.637 DEBUG 'ansible_navigator.main' Prior to rollback: help_doc = 'False' (bool/default configuration value)
211123140028.637 DEBUG 'ansible_navigator.main' Prior to rollback: help_inventory = 'False' (bool/default configuration value)
211123140028.637 DEBUG 'ansible_navigator.main' Prior to rollback: help_playbook = 'False' (bool/default configuration value)
211123140028.637 DEBUG 'ansible_navigator.main' Prior to rollback: inventory = 'Constants.NOT_SET' (Constants/value has not been set)
211123140028.637 DEBUG 'ansible_navigator.main' Prior to rollback: inventory_column = 'Constants.NOT_SET' (Constants/value has not been set)
211123140028.637 DEBUG 'ansible_navigator.main' Prior to rollback: log_append = 'True' (bool/default configuration value)
211123140028.637 DEBUG 'ansible_navigator.main' Prior to rollback: log_file = '/home/dries/ansible/provisioning/zambia/ansible-navigator.log' (str/default configuration value)
211123140028.637 DEBUG 'ansible_navigator.main' Prior to rollback: log_level = 'warning' (str/default configuration value)
211123140028.637 DEBUG 'ansible_navigator.main' Prior to rollback: mode = 'interactive' (str/default configuration value)
211123140028.637 DEBUG 'ansible_navigator.main' Prior to rollback: osc4 = 'True' (bool/default configuration value)
211123140028.637 DEBUG 'ansible_navigator.main' Prior to rollback: pass_environment_variable = 'Constants.NOT_SET' (Constants/value has not been set)
211123140028.637 DEBUG 'ansible_navigator.main' Prior to rollback: playbook = 'Constants.NOT_SET' (Constants/value has not been set)
211123140028.637 DEBUG 'ansible_navigator.main' Prior to rollback: playbook_artifact_enable = 'True' (bool/default configuration value)
211123140028.637 DEBUG 'ansible_navigator.main' Prior to rollback: playbook_artifact_replay = 'Constants.NOT_SET' (Constants/value has not been set)
211123140028.637 DEBUG 'ansible_navigator.main' Prior to rollback: playbook_artifact_save_as = '{playbook_dir}/{playbook_name}-artifact-{ts_utc}.json' (str/default configuration value)
211123140028.637 DEBUG 'ansible_navigator.main' Prior to rollback: plugin_name = 'Constants.NOT_SET' (Constants/value has not been set)
211123140028.637 DEBUG 'ansible_navigator.main' Prior to rollback: plugin_type = 'module' (str/default configuration value)
211123140028.637 DEBUG 'ansible_navigator.main' Prior to rollback: pull_policy = 'tag' (str/default configuration value)
211123140028.637 DEBUG 'ansible_navigator.main' Prior to rollback: set_environment_variable = 'Constants.NOT_SET' (Constants/value has not been set)
211123140028.637 DEBUG 'ansible_navigator.main' After rollback: ansible_runner_artifact_dir = 'Constants.NOT_SET' (Constants/value has not been set)
211123140028.637 DEBUG 'ansible_navigator.main' After rollback: ansible_runner_rotate_artifacts_count = 'Constants.NOT_SET' (Constants/value has not been set)
211123140028.637 DEBUG 'ansible_navigator.main' After rollback: ansible_runner_timeout = 'Constants.NOT_SET' (Constants/value has not been set)
211123140028.637 DEBUG 'ansible_navigator.main' After rollback: app = 'Constants.NOT_SET' (Constants/value has not been set)
211123140028.637 DEBUG 'ansible_navigator.main' After rollback: cmdline = 'Constants.NOT_SET' (Constants/value has not been set)
211123140028.637 DEBUG 'ansible_navigator.main' After rollback: collection_doc_cache_path = 'Constants.NOT_SET' (Constants/value has not been set)
211123140028.637 DEBUG 'ansible_navigator.main' After rollback: config = 'Constants.NOT_SET' (Constants/value has not been set)
211123140028.637 DEBUG 'ansible_navigator.main' After rollback: container_engine = 'Constants.NOT_SET' (Constants/value has not been set)
211123140028.637 DEBUG 'ansible_navigator.main' After rollback: container_options = 'Constants.NOT_SET' (Constants/value has not been set)
211123140028.637 DEBUG 'ansible_navigator.main' After rollback: display_color = 'Constants.NOT_SET' (Constants/value has not been set)
211123140028.637 DEBUG 'ansible_navigator.main' After rollback: editor_command = 'Constants.NOT_SET' (Constants/value has not been set)
211123140028.637 DEBUG 'ansible_navigator.main' After rollback: editor_console = 'Constants.NOT_SET' (Constants/value has not been set)
211123140028.637 DEBUG 'ansible_navigator.main' After rollback: execution_environment = 'Constants.NOT_SET' (Constants/value has not been set)
211123140028.637 DEBUG 'ansible_navigator.main' After rollback: execution_environment_image = 'Constants.NOT_SET' (Constants/value has not been set)
211123140028.637 DEBUG 'ansible_navigator.main' After rollback: execution_environment_volume_mounts = 'Constants.NOT_SET' (Constants/value has not been set)
211123140028.637 DEBUG 'ansible_navigator.main' After rollback: help_config = 'Constants.NOT_SET' (Constants/value has not been set)
211123140028.637 DEBUG 'ansible_navigator.main' After rollback: help_doc = 'Constants.NOT_SET' (Constants/value has not been set)
211123140028.637 DEBUG 'ansible_navigator.main' After rollback: help_inventory = 'Constants.NOT_SET' (Constants/value has not been set)
211123140028.637 DEBUG 'ansible_navigator.main' After rollback: help_playbook = 'Constants.NOT_SET' (Constants/value has not been set)
211123140028.637 DEBUG 'ansible_navigator.main' After rollback: inventory = 'Constants.NOT_SET' (Constants/value has not been set)
211123140028.637 DEBUG 'ansible_navigator.main' After rollback: inventory_column = 'Constants.NOT_SET' (Constants/value has not been set)
211123140028.637 DEBUG 'ansible_navigator.main' After rollback: log_append = 'Constants.NOT_SET' (Constants/value has not been set)
211123140028.637 DEBUG 'ansible_navigator.main' After rollback: log_file = 'Constants.NOT_SET' (Constants/value has not been set)
211123140028.637 DEBUG 'ansible_navigator.main' After rollback: log_level = 'Constants.NOT_SET' (Constants/value has not been set)
211123140028.637 DEBUG 'ansible_navigator.main' After rollback: mode = 'Constants.NOT_SET' (Constants/value has not been set)
211123140028.637 DEBUG 'ansible_navigator.main' After rollback: osc4 = 'Constants.NOT_SET' (Constants/value has not been set)
211123140028.637 DEBUG 'ansible_navigator.main' After rollback: pass_environment_variable = 'Constants.NOT_SET' (Constants/value has not been set)
211123140028.637 DEBUG 'ansible_navigator.main' After rollback: playbook = 'Constants.NOT_SET' (Constants/value has not been set)
211123140028.637 DEBUG 'ansible_navigator.main' After rollback: playbook_artifact_enable = 'Constants.NOT_SET' (Constants/value has not been set)
211123140028.637 DEBUG 'ansible_navigator.main' After rollback: playbook_artifact_replay = 'Constants.NOT_SET' (Constants/value has not been set)
211123140028.637 DEBUG 'ansible_navigator.main' After rollback: playbook_artifact_save_as = 'Constants.NOT_SET' (Constants/value has not been set)
211123140028.637 DEBUG 'ansible_navigator.main' After rollback: plugin_name = 'Constants.NOT_SET' (Constants/value has not been set)
211123140028.637 DEBUG 'ansible_navigator.main' After rollback: plugin_type = 'Constants.NOT_SET' (Constants/value has not been set)
211123140028.637 DEBUG 'ansible_navigator.main' After rollback: pull_policy = 'Constants.NOT_SET' (Constants/value has not been set)
211123140028.637 DEBUG 'ansible_navigator.main' After rollback: set_environment_variable = 'Constants.NOT_SET' (Constants/value has not been set)
211123140028.637 DEBUG 'ansible_navigator.main' Configuration rollback complete.
211123140028.637 ERROR 'ansible_navigator.main' Command provided: '-i prod_zim_uat/baseline_uat.yml'
211123140028.637 ERROR 'ansible_navigator.main' argument {subcommand} --help: invalid choice: 'prod_zim_uat/baseline_uat.yml' (choose from 'collections', 'config', 'doc', 'images', 'inventory', 'replay', 'run', 'welcome')
211123140028.638 ERROR 'ansible_navigator.main' Configuration failed, using default log file location: /home/dries/ansible/provisioning/zambia/ansible-navigator.log. Log level set to debug
211123140028.638 INFO 'ansible_navigator.main' Review the hints and log file to see what went wrong: /home/dries/ansible/provisioning/zambia/ansible-navigator.log
211123140054.657 INFO 'ansible_navigator.setup_logger' New ansible-navigator instance, logging initialized
211123140054.657 INFO 'ansible_navigator.setup_logger' New ansible-runner instance, logging initialized
211123140054.657 DEBUG 'ansible_navigator.main' Share directory '/home/dries/.local/lib/python3.8/share/ansible_navigator' not found (development path)
211123140054.657 DEBUG 'ansible_navigator.main' Share directory '/home/dries/.local/share/ansible_navigator' found (userbase)
211123140054.657 DEBUG 'ansible_navigator.main' Default collection_doc_cache_path set to: /home/dries/.cache/ansible-navigator/collection_doc_cache.db
211123140054.657 DEBUG 'ansible_navigator.main' EDITOR environment variable not set
211123140054.657 DEBUG 'ansible_navigator.main' Default editor_command set to: vi +{line_number} {filename}
211123140054.657 DEBUG 'ansible_navigator.main' No config file set by ANSIBLE_NAVIGATOR_CONFIG
211123140054.657 DEBUG 'ansible_navigator.main' Looking in /home/dries
211123140054.657 DEBUG 'ansible_navigator.main' Looking for '/home/dries/.ansible-navigator.yml', '/home/dries/.ansible-navigator.yaml' and '/home/dries/.ansible-navigator.json'
211123140054.657 DEBUG 'ansible_navigator.main' Found 0: 
211123140054.657 DEBUG 'ansible_navigator.main' Looking in /home/dries/ansible/provisioning/zambia
211123140054.657 DEBUG 'ansible_navigator.main' Looking for '/home/dries/ansible/provisioning/zambia/ansible-navigator.yml', '/home/dries/ansible/provisioning/zambia/ansible-navigator.yaml' and '/home/dries/ansible/provisioning/zambia/ansible-navigator.json'
211123140054.657 DEBUG 'ansible_navigator.main' Found 0: 
211123140054.657 DEBUG 'ansible_navigator.main' All found 0: 
211123140054.657 DEBUG 'ansible_navigator.main' Using: None
211123140054.657 DEBUG 'ansible_navigator.main' No valid settings file found, using all default values for settings.
211123140054.657 DEBUG 'ansible_navigator.main' Command provided: '-i prod_zim_uat/baseline_uat.yml --check'
211123140054.657 WARNING 'ansible_navigator.main' Configuration errors encountered, rolling back to previous configuration.
211123140054.657 DEBUG 'ansible_navigator.main' Prior to rollback: ansible_runner_artifact_dir = 'Constants.NOT_SET' (Constants/value has not been set)
211123140054.657 DEBUG 'ansible_navigator.main' Prior to rollback: ansible_runner_rotate_artifacts_count = 'Constants.NOT_SET' (Constants/value has not been set)
211123140054.657 DEBUG 'ansible_navigator.main' Prior to rollback: ansible_runner_timeout = 'Constants.NOT_SET' (Constants/value has not been set)
211123140054.657 DEBUG 'ansible_navigator.main' Prior to rollback: app = 'welcome' (str/default configuration value)
211123140054.657 DEBUG 'ansible_navigator.main' Prior to rollback: cmdline = 'Constants.NOT_SET' (Constants/value has not been set)
211123140054.657 DEBUG 'ansible_navigator.main' Prior to rollback: collection_doc_cache_path = '/home/dries/.cache/ansible-navigator/collection_doc_cache.db' (str/default configuration value)
211123140054.658 DEBUG 'ansible_navigator.main' Prior to rollback: config = 'Constants.NOT_SET' (Constants/value has not been set)
211123140054.658 DEBUG 'ansible_navigator.main' Prior to rollback: container_engine = 'auto' (str/default configuration value)
211123140054.658 DEBUG 'ansible_navigator.main' Prior to rollback: container_options = 'Constants.NOT_SET' (Constants/value has not been set)
211123140054.658 DEBUG 'ansible_navigator.main' Prior to rollback: display_color = 'True' (bool/default configuration value)
211123140054.658 DEBUG 'ansible_navigator.main' Prior to rollback: editor_command = 'vi +{line_number} {filename}' (str/default configuration value)
211123140054.658 DEBUG 'ansible_navigator.main' Prior to rollback: editor_console = 'True' (bool/default configuration value)
211123140054.658 DEBUG 'ansible_navigator.main' Prior to rollback: execution_environment = 'True' (bool/default configuration value)
211123140054.658 DEBUG 'ansible_navigator.main' Prior to rollback: execution_environment_image = 'quay.io/ansible/ansible-navigator-demo-ee:0.6.0' (str/default configuration value)
211123140054.658 DEBUG 'ansible_navigator.main' Prior to rollback: execution_environment_volume_mounts = 'Constants.NOT_SET' (Constants/value has not been set)
211123140054.658 DEBUG 'ansible_navigator.main' Prior to rollback: help_config = 'False' (bool/default configuration value)
211123140054.658 DEBUG 'ansible_navigator.main' Prior to rollback: help_doc = 'False' (bool/default configuration value)
211123140054.658 DEBUG 'ansible_navigator.main' Prior to rollback: help_inventory = 'False' (bool/default configuration value)
211123140054.658 DEBUG 'ansible_navigator.main' Prior to rollback: help_playbook = 'False' (bool/default configuration value)
211123140054.658 DEBUG 'ansible_navigator.main' Prior to rollback: inventory = 'Constants.NOT_SET' (Constants/value has not been set)
211123140054.658 DEBUG 'ansible_navigator.main' Prior to rollback: inventory_column = 'Constants.NOT_SET' (Constants/value has not been set)
211123140054.658 DEBUG 'ansible_navigator.main' Prior to rollback: log_append = 'True' (bool/default configuration value)
211123140054.658 DEBUG 'ansible_navigator.main' Prior to rollback: log_file = '/home/dries/ansible/provisioning/zambia/ansible-navigator.log' (str/default configuration value)
211123140054.658 DEBUG 'ansible_navigator.main' Prior to rollback: log_level = 'warning' (str/default configuration value)
211123140054.658 DEBUG 'ansible_navigator.main' Prior to rollback: mode = 'interactive' (str/default configuration value)
211123140054.658 DEBUG 'ansible_navigator.main' Prior to rollback: osc4 = 'True' (bool/default configuration value)
211123140054.658 DEBUG 'ansible_navigator.main' Prior to rollback: pass_environment_variable = 'Constants.NOT_SET' (Constants/value has not been set)
211123140054.658 DEBUG 'ansible_navigator.main' Prior to rollback: playbook = 'Constants.NOT_SET' (Constants/value has not been set)
211123140054.658 DEBUG 'ansible_navigator.main' Prior to rollback: playbook_artifact_enable = 'True' (bool/default configuration value)
211123140054.658 DEBUG 'ansible_navigator.main' Prior to rollback: playbook_artifact_replay = 'Constants.NOT_SET' (Constants/value has not been set)
211123140054.658 DEBUG 'ansible_navigator.main' Prior to rollback: playbook_artifact_save_as = '{playbook_dir}/{playbook_name}-artifact-{ts_utc}.json' (str/default configuration value)
211123140054.658 DEBUG 'ansible_navigator.main' Prior to rollback: plugin_name = 'Constants.NOT_SET' (Constants/value has not been set)
211123140054.658 DEBUG 'ansible_navigator.main' Prior to rollback: plugin_type = 'module' (str/default configuration value)
211123140054.658 DEBUG 'ansible_navigator.main' Prior to rollback: pull_policy = 'tag' (str/default configuration value)
211123140054.658 DEBUG 'ansible_navigator.main' Prior to rollback: set_environment_variable = 'Constants.NOT_SET' (Constants/value has not been set)
211123140054.658 DEBUG 'ansible_navigator.main' After rollback: ansible_runner_artifact_dir = 'Constants.NOT_SET' (Constants/value has not been set)
211123140054.658 DEBUG 'ansible_navigator.main' After rollback: ansible_runner_rotate_artifacts_count = 'Constants.NOT_SET' (Constants/value has not been set)
211123140054.658 DEBUG 'ansible_navigator.main' After rollback: ansible_runner_timeout = 'Constants.NOT_SET' (Constants/value has not been set)
211123140054.658 DEBUG 'ansible_navigator.main' After rollback: app = 'Constants.NOT_SET' (Constants/value has not been set)
211123140054.658 DEBUG 'ansible_navigator.main' After rollback: cmdline = 'Constants.NOT_SET' (Constants/value has not been set)
211123140054.658 DEBUG 'ansible_navigator.main' After rollback: collection_doc_cache_path = 'Constants.NOT_SET' (Constants/value has not been set)
211123140054.658 DEBUG 'ansible_navigator.main' After rollback: config = 'Constants.NOT_SET' (Constants/value has not been set)
211123140054.658 DEBUG 'ansible_navigator.main' After rollback: container_engine = 'Constants.NOT_SET' (Constants/value has not been set)
211123140054.658 DEBUG 'ansible_navigator.main' After rollback: container_options = 'Constants.NOT_SET' (Constants/value has not been set)
211123140054.658 DEBUG 'ansible_navigator.main' After rollback: display_color = 'Constants.NOT_SET' (Constants/value has not been set)
211123140054.658 DEBUG 'ansible_navigator.main' After rollback: editor_command = 'Constants.NOT_SET' (Constants/value has not been set)
211123140054.658 DEBUG 'ansible_navigator.main' After rollback: editor_console = 'Constants.NOT_SET' (Constants/value has not been set)
211123140054.658 DEBUG 'ansible_navigator.main' After rollback: execution_environment = 'Constants.NOT_SET' (Constants/value has not been set)
211123140054.658 DEBUG 'ansible_navigator.main' After rollback: execution_environment_image = 'Constants.NOT_SET' (Constants/value has not been set)
211123140054.658 DEBUG 'ansible_navigator.main' After rollback: execution_environment_volume_mounts = 'Constants.NOT_SET' (Constants/value has not been set)
211123140054.658 DEBUG 'ansible_navigator.main' After rollback: help_config = 'Constants.NOT_SET' (Constants/value has not been set)
211123140054.658 DEBUG 'ansible_navigator.main' After rollback: help_doc = 'Constants.NOT_SET' (Constants/value has not been set)
211123140054.658 DEBUG 'ansible_navigator.main' After rollback: help_inventory = 'Constants.NOT_SET' (Constants/value has not been set)
211123140054.658 DEBUG 'ansible_navigator.main' After rollback: help_playbook = 'Constants.NOT_SET' (Constants/value has not been set)
211123140054.658 DEBUG 'ansible_navigator.main' After rollback: inventory = 'Constants.NOT_SET' (Constants/value has not been set)
211123140054.658 DEBUG 'ansible_navigator.main' After rollback: inventory_column = 'Constants.NOT_SET' (Constants/value has not been set)
211123140054.658 DEBUG 'ansible_navigator.main' After rollback: log_append = 'Constants.NOT_SET' (Constants/value has not been set)
211123140054.658 DEBUG 'ansible_navigator.main' After rollback: log_file = 'Constants.NOT_SET' (Constants/value has not been set)
211123140054.658 DEBUG 'ansible_navigator.main' After rollback: log_level = 'Constants.NOT_SET' (Constants/value has not been set)
211123140054.658 DEBUG 'ansible_navigator.main' After rollback: mode = 'Constants.NOT_SET' (Constants/value has not been set)
211123140054.658 DEBUG 'ansible_navigator.main' After rollback: osc4 = 'Constants.NOT_SET' (Constants/value has not been set)
211123140054.658 DEBUG 'ansible_navigator.main' After rollback: pass_environment_variable = 'Constants.NOT_SET' (Constants/value has not been set)
211123140054.658 DEBUG 'ansible_navigator.main' After rollback: playbook = 'Constants.NOT_SET' (Constants/value has not been set)
211123140054.658 DEBUG 'ansible_navigator.main' After rollback: playbook_artifact_enable = 'Constants.NOT_SET' (Constants/value has not been set)
211123140054.658 DEBUG 'ansible_navigator.main' After rollback: playbook_artifact_replay = 'Constants.NOT_SET' (Constants/value has not been set)
211123140054.658 DEBUG 'ansible_navigator.main' After rollback: playbook_artifact_save_as = 'Constants.NOT_SET' (Constants/value has not been set)
211123140054.658 DEBUG 'ansible_navigator.main' After rollback: plugin_name = 'Constants.NOT_SET' (Constants/value has not been set)
211123140054.658 DEBUG 'ansible_navigator.main' After rollback: plugin_type = 'Constants.NOT_SET' (Constants/value has not been set)
211123140054.658 DEBUG 'ansible_navigator.main' After rollback: pull_policy = 'Constants.NOT_SET' (Constants/value has not been set)
211123140054.658 DEBUG 'ansible_navigator.main' After rollback: set_environment_variable = 'Constants.NOT_SET' (Constants/value has not been set)
211123140054.658 DEBUG 'ansible_navigator.main' Configuration rollback complete.
211123140054.658 ERROR 'ansible_navigator.main' Command provided: '-i prod_zim_uat/baseline_uat.yml --check'
211123140054.658 ERROR 'ansible_navigator.main' argument {subcommand} --help: invalid choice: 'prod_zim_uat/baseline_uat.yml' (choose from 'collections', 'config', 'doc', 'images', 'inventory', 'replay', 'run', 'welcome')
211123140054.658 ERROR 'ansible_navigator.main' Configuration failed, using default log file location: /home/dries/ansible/provisioning/zambia/ansible-navigator.log. Log level set to debug
211123140054.658 INFO 'ansible_navigator.main' Review the hints and log file to see what went wrong: /home/dries/ansible/provisioning/zambia/ansible-navigator.log
